# JRE version: OpenJDK Runtime Environment Microsoft-11926163 (17.0.16+8) (build 17.0.16+8-LTS)
# Java VM: OpenJDK 64-Bit Server VM Microsoft-11926163 (17.0.16+8-LTS, mixed mode, sharing, tiered, compressed oops, compressed class ptrs, g1 gc, windows-amd64)
GC Precious Log:
 CPUs: 6 total, 6 available
 Memory: 7581M
 Large Page Support: Disabled
 NUMA Support: Disabled
 Compressed Oops: Enabled (32-bit)
 Heap Region Size: 1M
 Heap Min Capacity: 8M
 Heap Initial Capacity: 120M
 Heap Max Capacity: 1896M
 Pre-touch: Disabled
 Parallel Workers: 6
 Concurrent Workers: 2
 Concurrent Refinement Workers: 6
 Periodic GC: Disabled
Heap:
 garbage-first heap   total 263168K, used 136950K [0x0000000089800000, 0x0000000100000000)
  region size 1024K, 11 young (11264K), 2 survivors (2048K)
 Metaspace       used 2192K, committed 2304K, reserved 1114112K
  class space    used 214K, committed 256K, reserved 1048576K
GC Heap History (20 events):
Event: 0.307 GC heap before
{Heap before GC invocations=0 (full 0):
 garbage-first heap   total 122880K, used 22528K [0x0000000089800000, 0x0000000100000000)
  region size 1024K, 21 young (21504K), 0 survivors (0K)
 Metaspace       used 834K, committed 960K, reserved 1114112K
  class space    used 70K, committed 128K, reserved 1048576K
}
Event: 0.337 GC heap after
{Heap after GC invocations=1 (full 0):
 garbage-first heap   total 122880K, used 19960K [0x0000000089800000, 0x0000000100000000)
  region size 1024K, 3 young (3072K), 3 survivors (3072K)
 Metaspace       used 834K, committed 960K, reserved 1114112K
  class space    used 70K, committed 128K, reserved 1048576K
}
Event: 0.416 GC heap before
{Heap before GC invocations=1 (full 0):
 garbage-first heap   total 122880K, used 33272K [0x0000000089800000, 0x0000000100000000)
  region size 1024K, 15 young (15360K), 3 survivors (3072K)
 Metaspace       used 930K, committed 1024K, reserved 1114112K
  class space    used 79K, committed 128K, reserved 1048576K
}
Event: 0.429 GC heap after
{Heap after GC invocations=2 (full 0):
 garbage-first heap   total 122880K, used 29184K [0x0000000089800000, 0x0000000100000000)
  region size 1024K, 2 young (2048K), 2 survivors (2048K)
 Metaspace       used 930K, committed 1024K, reserved 1114112K
  class space    used 79K, committed 128K, reserved 1048576K
}
Event: 0.558 GC heap before
{Heap before GC invocations=2 (full 0):
 garbage-first heap   total 122880K, used 49664K [0x0000000089800000, 0x0000000100000000)
  region size 1024K, 22 young (22528K), 2 survivors (2048K)
 Metaspace       used 930K, committed 1024K, reserved 1114112K
  class space    used 79K, committed 128K, reserved 1048576K
}
Event: 0.581 GC heap after
{Heap after GC invocations=3 (full 0):
 garbage-first heap   total 122880K, used 41984K [0x0000000089800000, 0x0000000100000000)
  region size 1024K, 3 young (3072K), 3 survivors (3072K)
 Metaspace       used 930K, committed 1024K, reserved 1114112K
  class space    used 79K, committed 128K, reserved 1048576K
}
Event: 0.688 GC heap before
{Heap before GC invocations=3 (full 0):
 garbage-first heap   total 122880K, used 63488K [0x0000000089800000, 0x0000000100000000)
  region size 1024K, 24 young (24576K), 3 survivors (3072K)
 Metaspace       used 937K, committed 1024K, reserved 1114112K
  class space    used 79K, committed 128K, reserved 1048576K
}
Event: 0.714 GC heap after
{Heap after GC invocations=4 (full 0):
 garbage-first heap   total 122880K, used 56320K [0x0000000089800000, 0x0000000100000000)
  region size 1024K, 3 young (3072K), 3 survivors (3072K)
 Metaspace       used 937K, committed 1024K, reserved 1114112K
  class space    used 79K, committed 128K, reserved 1048576K
}
Event: 0.753 GC heap before
{Heap before GC invocations=4 (full 0):
 garbage-first heap   total 122880K, used 73728K [0x0000000089800000, 0x0000000100000000)
  region size 1024K, 20 young (20480K), 3 survivors (3072K)
 Metaspace       used 937K, committed 1024K, reserved 1114112K
  class space    used 79K, committed 128K, reserved 1048576K
}
Event: 0.829 GC heap after
{Heap after GC invocations=5 (full 0):
 garbage-first heap   total 263168K, used 68096K [0x0000000089800000, 0x0000000100000000)
  region size 1024K, 3 young (3072K), 3 survivors (3072K)
 Metaspace       used 937K, committed 1024K, reserved 1114112K
  class space    used 79K, committed 128K, reserved 1048576K
}
Event: 0.904 GC heap before
{Heap before GC invocations=5 (full 0):
 garbage-first heap   total 263168K, used 111104K [0x0000000089800000, 0x0000000100000000)
  region size 1024K, 45 young (46080K), 3 survivors (3072K)
 Metaspace       used 937K, committed 1024K, reserved 1114112K
  class space    used 79K, committed 128K, reserved 1048576K
}
Event: 0.928 GC heap after
{Heap after GC invocations=6 (full 0):
 garbage-first heap   total 263168K, used 97032K [0x0000000089800000, 0x0000000100000000)
  region size 1024K, 6 young (6144K), 6 survivors (6144K)
 Metaspace       used 937K, committed 1024K, reserved 1114112K
  class space    used 79K, committed 128K, reserved 1048576K
}
Event: 1.097 GC heap before
{Heap before GC invocations=6 (full 0):
 garbage-first heap   total 263168K, used 143112K [0x0000000089800000, 0x0000000100000000)
  region size 1024K, 51 young (52224K), 6 survivors (6144K)
 Metaspace       used 1089K, committed 1280K, reserved 1114112K
  class space    used 97K, committed 192K, reserved 1048576K
}
Event: 1.124 GC heap after
{Heap after GC invocations=7 (full 0):
 garbage-first heap   total 263168K, used 128000K [0x0000000089800000, 0x0000000100000000)
  region size 1024K, 7 young (7168K), 7 survivors (7168K)
 Metaspace       used 1089K, committed 1280K, reserved 1114112K
  class space    used 97K, committed 192K, reserved 1048576K
}
Event: 1.142 GC heap before
{Heap before GC invocations=7 (full 0):
 garbage-first heap   total 263168K, used 133120K [0x0000000089800000, 0x0000000100000000)
  region size 1024K, 12 young (12288K), 7 survivors (7168K)
 Metaspace       used 1089K, committed 1280K, reserved 1114112K
  class space    used 97K, committed 192K, reserved 1048576K
}
Event: 1.170 GC heap after
{Heap after GC invocations=8 (full 0):
 garbage-first heap   total 263168K, used 133120K [0x0000000089800000, 0x0000000100000000)
  region size 1024K, 2 young (2048K), 2 survivors (2048K)
 Metaspace       used 1089K, committed 1280K, reserved 1114112K
  class space    used 97K, committed 192K, reserved 1048576K
}
Event: 1.851 GC heap before
{Heap before GC invocations=9 (full 0):
 garbage-first heap   total 263168K, used 125952K [0x0000000089800000, 0x0000000100000000)
  region size 1024K, 12 young (12288K), 2 survivors (2048K)
 Metaspace       used 2183K, committed 2304K, reserved 1114112K
  class space    used 214K, committed 256K, reserved 1048576K
}
Event: 1.858 GC heap after
{Heap after GC invocations=10 (full 0):
 garbage-first heap   total 263168K, used 122716K [0x0000000089800000, 0x0000000100000000)
  region size 1024K, 2 young (2048K), 2 survivors (2048K)
 Metaspace       used 2183K, committed 2304K, reserved 1114112K
  class space    used 214K, committed 256K, reserved 1048576K
}
Event: 1.936 GC heap before
{Heap before GC invocations=10 (full 0):
 garbage-first heap   total 263168K, used 133980K [0x0000000089800000, 0x0000000100000000)
  region size 1024K, 12 young (12288K), 2 survivors (2048K)
 Metaspace       used 2189K, committed 2304K, reserved 1114112K
  class space    used 214K, committed 256K, reserved 1048576K
}
Event: 1.940 GC heap after
{Heap after GC invocations=11 (full 0):
 garbage-first heap   total 263168K, used 128758K [0x0000000089800000, 0x0000000100000000)
  region size 1024K, 2 young (2048K), 2 survivors (2048K)
 Metaspace       used 2189K, committed 2304K, reserved 1114112K
  class space    used 214K, committed 256K, reserved 1048576K
}

