# JRE version: OpenJDK Runtime Environment Microsoft-11926163 (17.0.16+8) (build 17.0.16+8-LTS)
# Java VM: OpenJDK 64-Bit Server VM Microsoft-11926163 (17.0.16+8-LTS, mixed mode, sharing, tiered, compressed oops, compressed class ptrs, g1 gc, windows-amd64)
GC Precious Log:
 CPUs: 6 total, 6 available
 Memory: 7581M
 Large Page Support: Disabled
 NUMA Support: Disabled
 Compressed Oops: Enabled (32-bit)
 Heap Region Size: 1M
 Heap Min Capacity: 8M
 Heap Initial Capacity: 120M
 Heap Max Capacity: 1896M
 Pre-touch: Disabled
 Parallel Workers: 6
 Concurrent Workers: 2
 Concurrent Refinement Workers: 6
 Periodic GC: Disabled
Heap:
 garbage-first heap   total 122880K, used 68096K [0x0000000089800000, 0x0000000100000000)
  region size 1024K, 3 young (3072K), 3 survivors (3072K)
 Metaspace       used 937K, committed 1024K, reserved 1114112K
  class space    used 79K, committed 128K, reserved 1048576K
GC Heap History (9 events):
Event: 0.309 GC heap before
{Heap before GC invocations=0 (full 0):
 garbage-first heap   total 122880K, used 22528K [0x0000000089800000, 0x0000000100000000)
  region size 1024K, 21 young (21504K), 0 survivors (0K)
 Metaspace       used 834K, committed 960K, reserved 1114112K
  class space    used 70K, committed 128K, reserved 1048576K
}
Event: 0.337 GC heap after
{Heap after GC invocations=1 (full 0):
 garbage-first heap   total 122880K, used 19936K [0x0000000089800000, 0x0000000100000000)
  region size 1024K, 3 young (3072K), 3 survivors (3072K)
 Metaspace       used 834K, committed 960K, reserved 1114112K
  class space    used 70K, committed 128K, reserved 1048576K
}
Event: 0.435 GC heap before
{Heap before GC invocations=1 (full 0):
 garbage-first heap   total 122880K, used 33248K [0x0000000089800000, 0x0000000100000000)
  region size 1024K, 15 young (15360K), 3 survivors (3072K)
 Metaspace       used 930K, committed 1024K, reserved 1114112K
  class space    used 79K, committed 128K, reserved 1048576K
}
Event: 0.453 GC heap after
{Heap after GC invocations=2 (full 0):
 garbage-first heap   total 122880K, used 29184K [0x0000000089800000, 0x0000000100000000)
  region size 1024K, 2 young (2048K), 2 survivors (2048K)
 Metaspace       used 930K, committed 1024K, reserved 1114112K
  class space    used 79K, committed 128K, reserved 1048576K
}
Event: 0.567 GC heap before
{Heap before GC invocations=2 (full 0):
 garbage-first heap   total 122880K, used 49664K [0x0000000089800000, 0x0000000100000000)
  region size 1024K, 22 young (22528K), 2 survivors (2048K)
 Metaspace       used 930K, committed 1024K, reserved 1114112K
  class space    used 79K, committed 128K, reserved 1048576K
}
Event: 0.585 GC heap after
{Heap after GC invocations=3 (full 0):
 garbage-first heap   total 122880K, used 41984K [0x0000000089800000, 0x0000000100000000)
  region size 1024K, 3 young (3072K), 3 survivors (3072K)
 Metaspace       used 930K, committed 1024K, reserved 1114112K
  class space    used 79K, committed 128K, reserved 1048576K
}
Event: 0.629 GC heap before
{Heap before GC invocations=3 (full 0):
 garbage-first heap   total 122880K, used 63488K [0x0000000089800000, 0x0000000100000000)
  region size 1024K, 24 young (24576K), 3 survivors (3072K)
 Metaspace       used 937K, committed 1024K, reserved 1114112K
  class space    used 79K, committed 128K, reserved 1048576K
}
Event: 0.655 GC heap after
{Heap after GC invocations=4 (full 0):
 garbage-first heap   total 122880K, used 56832K [0x0000000089800000, 0x0000000100000000)
  region size 1024K, 3 young (3072K), 3 survivors (3072K)
 Metaspace       used 937K, committed 1024K, reserved 1114112K
  class space    used 79K, committed 128K, reserved 1048576K
}
Event: 0.685 GC heap before
{Heap before GC invocations=4 (full 0):
 garbage-first heap   total 122880K, used 73216K [0x0000000089800000, 0x0000000100000000)
  region size 1024K, 19 young (19456K), 3 survivors (3072K)
 Metaspace       used 937K, committed 1024K, reserved 1114112K
  class space    used 79K, committed 128K, reserved 1048576K
}

