# JRE version: OpenJDK Runtime Environment Microsoft-11926163 (17.0.16+8) (build 17.0.16+8-LTS)
# Java VM: OpenJDK 64-Bit Server VM Microsoft-11926163 (17.0.16+8-LTS, mixed mode, sharing, tiered, compressed oops, compressed class ptrs, g1 gc, windows-amd64)
GC Precious Log:
 CPUs: 6 total, 6 available
 Memory: 7581M
 Large Page Support: Disabled
 NUMA Support: Disabled
 Compressed Oops: Enabled (32-bit)
 Heap Region Size: 1M
 Heap Min Capacity: 8M
 Heap Initial Capacity: 120M
 Heap Max Capacity: 1896M
 Pre-touch: Disabled
 Parallel Workers: 6
 Concurrent Workers: 2
 Concurrent Refinement Workers: 6
 Periodic GC: Disabled
Heap:
 garbage-first heap   total 536576K, used 386560K [0x0000000089800000, 0x0000000100000000)
  region size 1024K, 97 young (99328K), 18 survivors (18432K)
 Metaspace       used 99373K, committed 101056K, reserved 1179648K
  class space    used 14427K, committed 15168K, reserved 1048576K
GC Heap History (20 events):
Event: 22.356 GC heap before
{Heap before GC invocations=40 (full 0):
 garbage-first heap   total 529408K, used 281667K [0x0000000089800000, 0x0000000100000000)
  region size 1024K, 110 young (112640K), 12 survivors (12288K)
 Metaspace       used 83516K, committed 85056K, reserved 1179648K
  class space    used 12019K, committed 12736K, reserved 1048576K
}
Event: 22.375 GC heap after
{Heap after GC invocations=41 (full 0):
 garbage-first heap   total 529408K, used 189908K [0x0000000089800000, 0x0000000100000000)
  region size 1024K, 20 young (20480K), 20 survivors (20480K)
 Metaspace       used 83516K, committed 85056K, reserved 1179648K
  class space    used 12019K, committed 12736K, reserved 1048576K
}
Event: 23.971 GC heap before
{Heap before GC invocations=42 (full 0):
 garbage-first heap   total 529408K, used 408020K [0x0000000089800000, 0x0000000100000000)
  region size 1024K, 230 young (235520K), 20 survivors (20480K)
 Metaspace       used 90904K, committed 92480K, reserved 1179648K
  class space    used 13232K, committed 13952K, reserved 1048576K
}
Event: 23.994 GC heap after
{Heap after GC invocations=43 (full 0):
 garbage-first heap   total 529408K, used 206627K [0x0000000089800000, 0x0000000100000000)
  region size 1024K, 25 young (25600K), 25 survivors (25600K)
 Metaspace       used 90904K, committed 92480K, reserved 1179648K
  class space    used 13232K, committed 13952K, reserved 1048576K
}
Event: 23.997 GC heap before
{Heap before GC invocations=43 (full 0):
 garbage-first heap   total 529408K, used 207651K [0x0000000089800000, 0x0000000100000000)
  region size 1024K, 26 young (26624K), 25 survivors (25600K)
 Metaspace       used 90909K, committed 92480K, reserved 1179648K
  class space    used 13234K, committed 13952K, reserved 1048576K
}
Event: 24.009 GC heap after
{Heap after GC invocations=44 (full 0):
 garbage-first heap   total 529408K, used 207676K [0x0000000089800000, 0x0000000100000000)
  region size 1024K, 3 young (3072K), 3 survivors (3072K)
 Metaspace       used 90909K, committed 92480K, reserved 1179648K
  class space    used 13234K, committed 13952K, reserved 1048576K
}
Event: 24.599 GC heap before
{Heap before GC invocations=44 (full 0):
 garbage-first heap   total 529408K, used 428860K [0x0000000089800000, 0x0000000100000000)
  region size 1024K, 205 young (209920K), 3 survivors (3072K)
 Metaspace       used 92164K, committed 93824K, reserved 1179648K
  class space    used 13397K, committed 14144K, reserved 1048576K
}
Event: 24.609 GC heap after
{Heap after GC invocations=45 (full 0):
 garbage-first heap   total 529408K, used 225084K [0x0000000089800000, 0x0000000100000000)
  region size 1024K, 16 young (16384K), 16 survivors (16384K)
 Metaspace       used 92164K, committed 93824K, reserved 1179648K
  class space    used 13397K, committed 14144K, reserved 1048576K
}
Event: 25.365 GC heap before
{Heap before GC invocations=46 (full 0):
 garbage-first heap   total 536576K, used 447292K [0x0000000089800000, 0x0000000100000000)
  region size 1024K, 206 young (210944K), 16 survivors (16384K)
 Metaspace       used 93239K, committed 94848K, reserved 1179648K
  class space    used 13544K, committed 14272K, reserved 1048576K
}
Event: 25.382 GC heap after
{Heap after GC invocations=47 (full 0):
 garbage-first heap   total 536576K, used 242849K [0x0000000089800000, 0x0000000100000000)
  region size 1024K, 7 young (7168K), 7 survivors (7168K)
 Metaspace       used 93239K, committed 94848K, reserved 1179648K
  class space    used 13544K, committed 14272K, reserved 1048576K
}
Event: 25.450 GC heap before
{Heap before GC invocations=47 (full 0):
 garbage-first heap   total 536576K, used 261281K [0x0000000089800000, 0x0000000100000000)
  region size 1024K, 26 young (26624K), 7 survivors (7168K)
 Metaspace       used 93253K, committed 94848K, reserved 1179648K
  class space    used 13545K, committed 14272K, reserved 1048576K
}
Event: 25.460 GC heap after
{Heap after GC invocations=48 (full 0):
 garbage-first heap   total 536576K, used 244263K [0x0000000089800000, 0x0000000100000000)
  region size 1024K, 2 young (2048K), 2 survivors (2048K)
 Metaspace       used 93253K, committed 94848K, reserved 1179648K
  class space    used 13545K, committed 14272K, reserved 1048576K
}
Event: 26.136 GC heap before
{Heap before GC invocations=48 (full 0):
 garbage-first heap   total 536576K, used 434727K [0x0000000089800000, 0x0000000100000000)
  region size 1024K, 188 young (192512K), 2 survivors (2048K)
 Metaspace       used 93657K, committed 95296K, reserved 1179648K
  class space    used 13584K, committed 14336K, reserved 1048576K
}
Event: 26.147 GC heap after
{Heap after GC invocations=49 (full 0):
 garbage-first heap   total 536576K, used 251615K [0x0000000089800000, 0x0000000100000000)
  region size 1024K, 9 young (9216K), 9 survivors (9216K)
 Metaspace       used 93657K, committed 95296K, reserved 1179648K
  class space    used 13584K, committed 14336K, reserved 1048576K
}
Event: 28.861 GC heap before
{Heap before GC invocations=49 (full 0):
 garbage-first heap   total 536576K, used 466655K [0x0000000089800000, 0x0000000100000000)
  region size 1024K, 193 young (197632K), 9 survivors (9216K)
 Metaspace       used 94391K, committed 96000K, reserved 1179648K
  class space    used 13694K, committed 14400K, reserved 1048576K
}
Event: 28.902 GC heap after
{Heap after GC invocations=50 (full 0):
 garbage-first heap   total 536576K, used 286784K [0x0000000089800000, 0x0000000100000000)
  region size 1024K, 25 young (25600K), 25 survivors (25600K)
 Metaspace       used 94391K, committed 96000K, reserved 1179648K
  class space    used 13694K, committed 14400K, reserved 1048576K
}
Event: 30.887 GC heap before
{Heap before GC invocations=50 (full 0):
 garbage-first heap   total 536576K, used 429120K [0x0000000089800000, 0x0000000100000000)
  region size 1024K, 164 young (167936K), 25 survivors (25600K)
 Metaspace       used 95862K, committed 97600K, reserved 1179648K
  class space    used 13882K, committed 14656K, reserved 1048576K
}
Event: 30.919 GC heap after
{Heap after GC invocations=51 (full 0):
 garbage-first heap   total 536576K, used 298496K [0x0000000089800000, 0x0000000100000000)
  region size 1024K, 10 young (10240K), 10 survivors (10240K)
 Metaspace       used 95862K, committed 97600K, reserved 1179648K
  class space    used 13882K, committed 14656K, reserved 1048576K
}
Event: 32.025 GC heap before
{Heap before GC invocations=51 (full 0):
 garbage-first heap   total 536576K, used 451072K [0x0000000089800000, 0x0000000100000000)
  region size 1024K, 145 young (148480K), 10 survivors (10240K)
 Metaspace       used 96763K, committed 98432K, reserved 1179648K
  class space    used 13978K, committed 14720K, reserved 1048576K
}
Event: 32.042 GC heap after
{Heap after GC invocations=52 (full 0):
 garbage-first heap   total 536576K, used 306688K [0x0000000089800000, 0x0000000100000000)
  region size 1024K, 18 young (18432K), 18 survivors (18432K)
 Metaspace       used 96763K, committed 98432K, reserved 1179648K
  class space    used 13978K, committed 14720K, reserved 1048576K
}

